INFO - 2025-06-06 16:14:56 --> Session: Class initialized using 'CodeIgniter\Session\Handlers\FileHandler' driver.
INFO - 2025-06-06 16:15:18 --> Session: Class initialized using 'CodeIgniter\Session\Handlers\FileHandler' driver.
INFO - 2025-06-06 16:15:21 --> Session: Class initialized using 'CodeIgniter\Session\Handlers\FileHandler' driver.
INFO - 2025-06-06 16:15:21 --> Cart Class Initialized
INFO - 2025-06-06 16:15:34 --> Session: Class initialized using 'CodeIgniter\Session\Handlers\FileHandler' driver.
INFO - 2025-06-06 16:15:34 --> Cart Class Initialized
INFO - 2025-06-06 16:15:34 --> Session: Class initialized using 'CodeIgniter\Session\Handlers\FileHandler' driver.
INFO - 2025-06-06 16:15:34 --> Cart Class Initialized
INFO - 2025-06-06 16:15:38 --> Session: Class initialized using 'CodeIgniter\Session\Handlers\FileHandler' driver.
INFO - 2025-06-06 16:15:38 --> Cart Class Initialized
INFO - 2025-06-06 16:19:12 --> Session: Class initialized using 'CodeIgniter\Session\Handlers\FileHandler' driver.
INFO - 2025-06-06 16:19:12 --> Cart Class Initialized
INFO - 2025-06-06 16:19:18 --> Session: Class initialized using 'CodeIgniter\Session\Handlers\FileHandler' driver.
INFO - 2025-06-06 16:19:21 --> Session: Class initialized using 'CodeIgniter\Session\Handlers\FileHandler' driver.
INFO - 2025-06-06 16:19:30 --> Session: Class initialized using 'CodeIgniter\Session\Handlers\FileHandler' driver.
INFO - 2025-06-06 16:19:33 --> Session: Class initialized using 'CodeIgniter\Session\Handlers\FileHandler' driver.
INFO - 2025-06-06 16:19:37 --> Session: Class initialized using 'CodeIgniter\Session\Handlers\FileHandler' driver.
INFO - 2025-06-06 16:19:40 --> Session: Class initialized using 'CodeIgniter\Session\Handlers\FileHandler' driver.
INFO - 2025-06-06 16:19:42 --> Session: Class initialized using 'CodeIgniter\Session\Handlers\FileHandler' driver.
INFO - 2025-06-06 16:19:51 --> Session: Class initialized using 'CodeIgniter\Session\Handlers\FileHandler' driver.
INFO - 2025-06-06 16:19:51 --> Session: Class initialized using 'CodeIgniter\Session\Handlers\FileHandler' driver.
INFO - 2025-06-06 16:19:54 --> Session: Class initialized using 'CodeIgniter\Session\Handlers\FileHandler' driver.
INFO - 2025-06-06 16:19:54 --> Cart Class Initialized
INFO - 2025-06-06 16:20:00 --> Session: Class initialized using 'CodeIgniter\Session\Handlers\FileHandler' driver.
INFO - 2025-06-06 16:20:00 --> Cart Class Initialized
INFO - 2025-06-06 16:20:03 --> Session: Class initialized using 'CodeIgniter\Session\Handlers\FileHandler' driver.
INFO - 2025-06-06 16:20:03 --> Cart Class Initialized
INFO - 2025-06-06 16:20:04 --> Session: Class initialized using 'CodeIgniter\Session\Handlers\FileHandler' driver.
INFO - 2025-06-06 16:20:04 --> Cart Class Initialized
INFO - 2025-06-06 16:20:05 --> Session: Class initialized using 'CodeIgniter\Session\Handlers\FileHandler' driver.
INFO - 2025-06-06 16:20:05 --> Cart Class Initialized
INFO - 2025-06-06 16:20:07 --> Session: Class initialized using 'CodeIgniter\Session\Handlers\FileHandler' driver.
INFO - 2025-06-06 16:20:07 --> Cart Class Initialized
INFO - 2025-06-06 16:20:49 --> Session: Class initialized using 'CodeIgniter\Session\Handlers\FileHandler' driver.
INFO - 2025-06-06 16:20:49 --> Cart Class Initialized
INFO - 2025-06-06 16:20:53 --> Session: Class initialized using 'CodeIgniter\Session\Handlers\FileHandler' driver.
INFO - 2025-06-06 16:20:53 --> Cart Class Initialized
INFO - 2025-06-06 16:20:53 --> Session: Class initialized using 'CodeIgniter\Session\Handlers\FileHandler' driver.
INFO - 2025-06-06 16:20:53 --> Cart Class Initialized
INFO - 2025-06-06 16:23:28 --> Session: Class initialized using 'CodeIgniter\Session\Handlers\FileHandler' driver.
INFO - 2025-06-06 16:23:28 --> Cart Class Initialized
INFO - 2025-06-06 16:23:33 --> Session: Class initialized using 'CodeIgniter\Session\Handlers\FileHandler' driver.
INFO - 2025-06-06 16:23:33 --> Cart Class Initialized
INFO - 2025-06-06 16:32:28 --> Session: Class initialized using 'CodeIgniter\Session\Handlers\FileHandler' driver.
INFO - 2025-06-06 16:32:28 --> Cart Class Initialized
INFO - 2025-06-06 16:32:37 --> Session: Class initialized using 'CodeIgniter\Session\Handlers\FileHandler' driver.
INFO - 2025-06-06 16:32:37 --> Cart Class Initialized
CRITICAL - 2025-06-06 16:32:37 --> Call to undefined method CodeIgniterCart\Cart::getTotal()
in APPPATH\Controllers\Carrito.php on line 83.
 1 SYSTEMPATH\CodeIgniter.php(934): App\Controllers\Carrito->comprar()
 2 SYSTEMPATH\CodeIgniter.php(499): CodeIgniter\CodeIgniter->runController(Object(App\Controllers\Carrito))
 3 SYSTEMPATH\CodeIgniter.php(368): CodeIgniter\CodeIgniter->handleRequest(null, Object(Config\Cache), false)
 4 FCPATH\index.php(67): CodeIgniter\CodeIgniter->run()
INFO - 2025-06-06 16:33:12 --> Session: Class initialized using 'CodeIgniter\Session\Handlers\FileHandler' driver.
INFO - 2025-06-06 16:33:12 --> Cart Class Initialized
INFO - 2025-06-06 16:33:15 --> Session: Class initialized using 'CodeIgniter\Session\Handlers\FileHandler' driver.
INFO - 2025-06-06 16:33:15 --> Cart Class Initialized
CRITICAL - 2025-06-06 16:33:15 --> Undefined array key "nombre_prod"
in APPPATH\Views\compras.php on line 25.
 1 APPPATH\Views\compras.php(25): CodeIgniter\Debug\Exceptions->errorHandler(2, 'Undefined array key "nombre_prod"', 'APPPATH\\Views\\compras.php', 25)
 2 SYSTEMPATH\View\View.php(213): include('APPPATH\\Views\\compras.php')
 3 SYSTEMPATH\View\View.php(216): CodeIgniter\View\View->CodeIgniter\View\{closure}()
 4 SYSTEMPATH\Common.php(1184): CodeIgniter\View\View->render('compras', [], true)
 5 APPPATH\Controllers\Carrito.php(124): view('compras', [...])
 6 SYSTEMPATH\CodeIgniter.php(934): App\Controllers\Carrito->comprar()
 7 SYSTEMPATH\CodeIgniter.php(499): CodeIgniter\CodeIgniter->runController(Object(App\Controllers\Carrito))
 8 SYSTEMPATH\CodeIgniter.php(368): CodeIgniter\CodeIgniter->handleRequest(null, Object(Config\Cache), false)
 9 FCPATH\index.php(67): CodeIgniter\CodeIgniter->run()
INFO - 2025-06-06 16:40:24 --> Session: Class initialized using 'CodeIgniter\Session\Handlers\FileHandler' driver.
INFO - 2025-06-06 16:40:24 --> Cart Class Initialized
INFO - 2025-06-06 16:40:28 --> Session: Class initialized using 'CodeIgniter\Session\Handlers\FileHandler' driver.
INFO - 2025-06-06 16:40:28 --> Cart Class Initialized
INFO - 2025-06-06 16:40:30 --> Session: Class initialized using 'CodeIgniter\Session\Handlers\FileHandler' driver.
INFO - 2025-06-06 16:40:30 --> Cart Class Initialized
INFO - 2025-06-06 16:40:32 --> Session: Class initialized using 'CodeIgniter\Session\Handlers\FileHandler' driver.
INFO - 2025-06-06 16:40:32 --> Cart Class Initialized
INFO - 2025-06-06 16:40:35 --> Session: Class initialized using 'CodeIgniter\Session\Handlers\FileHandler' driver.
INFO - 2025-06-06 16:40:35 --> Cart Class Initialized
INFO - 2025-06-06 16:40:35 --> Session: Class initialized using 'CodeIgniter\Session\Handlers\FileHandler' driver.
INFO - 2025-06-06 16:40:35 --> Cart Class Initialized
INFO - 2025-06-06 16:40:43 --> Session: Class initialized using 'CodeIgniter\Session\Handlers\FileHandler' driver.
INFO - 2025-06-06 16:40:43 --> Cart Class Initialized
CRITICAL - 2025-06-06 16:40:43 --> Undefined variable $detalles
in APPPATH\Views\compras.php on line 23.
 1 APPPATH\Views\compras.php(23): CodeIgniter\Debug\Exceptions->errorHandler(2, 'Undefined variable $detalles', 'APPPATH\\Views\\compras.php', 23)
 2 SYSTEMPATH\View\View.php(213): include('APPPATH\\Views\\compras.php')
 3 SYSTEMPATH\View\View.php(216): CodeIgniter\View\View->CodeIgniter\View\{closure}()
 4 SYSTEMPATH\Common.php(1184): CodeIgniter\View\View->render('compras', [], true)
 5 APPPATH\Controllers\Carrito.php(124): view('compras', [...])
 6 SYSTEMPATH\CodeIgniter.php(934): App\Controllers\Carrito->comprar()
 7 SYSTEMPATH\CodeIgniter.php(499): CodeIgniter\CodeIgniter->runController(Object(App\Controllers\Carrito))
 8 SYSTEMPATH\CodeIgniter.php(368): CodeIgniter\CodeIgniter->handleRequest(null, Object(Config\Cache), false)
 9 FCPATH\index.php(67): CodeIgniter\CodeIgniter->run()
INFO - 2025-06-06 17:04:28 --> Session: Class initialized using 'CodeIgniter\Session\Handlers\FileHandler' driver.
INFO - 2025-06-06 17:04:28 --> Cart Class Initialized
INFO - 2025-06-06 17:04:30 --> Session: Class initialized using 'CodeIgniter\Session\Handlers\FileHandler' driver.
INFO - 2025-06-06 17:04:30 --> Cart Class Initialized
INFO - 2025-06-06 17:04:32 --> Session: Class initialized using 'CodeIgniter\Session\Handlers\FileHandler' driver.
INFO - 2025-06-06 17:04:32 --> Cart Class Initialized
INFO - 2025-06-06 17:04:32 --> Session: Class initialized using 'CodeIgniter\Session\Handlers\FileHandler' driver.
INFO - 2025-06-06 17:04:32 --> Cart Class Initialized
INFO - 2025-06-06 17:04:35 --> Session: Class initialized using 'CodeIgniter\Session\Handlers\FileHandler' driver.
INFO - 2025-06-06 17:04:35 --> Cart Class Initialized
INFO - 2025-06-06 17:04:37 --> Session: Class initialized using 'CodeIgniter\Session\Handlers\FileHandler' driver.
INFO - 2025-06-06 17:04:37 --> Cart Class Initialized
INFO - 2025-06-06 17:04:37 --> Session: Class initialized using 'CodeIgniter\Session\Handlers\FileHandler' driver.
INFO - 2025-06-06 17:04:37 --> Cart Class Initialized
INFO - 2025-06-06 17:04:44 --> Session: Class initialized using 'CodeIgniter\Session\Handlers\FileHandler' driver.
INFO - 2025-06-06 17:04:44 --> Cart Class Initialized
INFO - 2025-06-06 17:08:03 --> Session: Class initialized using 'CodeIgniter\Session\Handlers\FileHandler' driver.
INFO - 2025-06-06 17:08:03 --> Cart Class Initialized
INFO - 2025-06-06 17:08:05 --> Session: Class initialized using 'CodeIgniter\Session\Handlers\FileHandler' driver.
INFO - 2025-06-06 17:08:05 --> Cart Class Initialized
INFO - 2025-06-06 17:08:07 --> Session: Class initialized using 'CodeIgniter\Session\Handlers\FileHandler' driver.
INFO - 2025-06-06 17:08:07 --> Cart Class Initialized
INFO - 2025-06-06 17:08:08 --> Session: Class initialized using 'CodeIgniter\Session\Handlers\FileHandler' driver.
INFO - 2025-06-06 17:08:08 --> Cart Class Initialized
INFO - 2025-06-06 17:08:18 --> Session: Class initialized using 'CodeIgniter\Session\Handlers\FileHandler' driver.
INFO - 2025-06-06 17:08:18 --> Cart Class Initialized
INFO - 2025-06-06 17:08:18 --> Session: Class initialized using 'CodeIgniter\Session\Handlers\FileHandler' driver.
INFO - 2025-06-06 17:08:18 --> Cart Class Initialized
INFO - 2025-06-06 17:08:32 --> Session: Class initialized using 'CodeIgniter\Session\Handlers\FileHandler' driver.
INFO - 2025-06-06 17:08:32 --> Cart Class Initialized
INFO - 2025-06-06 17:08:34 --> Session: Class initialized using 'CodeIgniter\Session\Handlers\FileHandler' driver.
INFO - 2025-06-06 17:08:34 --> Cart Class Initialized
INFO - 2025-06-06 17:08:34 --> Session: Class initialized using 'CodeIgniter\Session\Handlers\FileHandler' driver.
INFO - 2025-06-06 17:08:34 --> Cart Class Initialized
INFO - 2025-06-06 17:08:36 --> Session: Class initialized using 'CodeIgniter\Session\Handlers\FileHandler' driver.
INFO - 2025-06-06 17:08:36 --> Cart Class Initialized
INFO - 2025-06-06 17:08:36 --> Session: Class initialized using 'CodeIgniter\Session\Handlers\FileHandler' driver.
INFO - 2025-06-06 17:08:36 --> Cart Class Initialized
INFO - 2025-06-06 17:10:40 --> Session: Class initialized using 'CodeIgniter\Session\Handlers\FileHandler' driver.
INFO - 2025-06-06 17:10:40 --> Cart Class Initialized
INFO - 2025-06-06 17:10:43 --> Session: Class initialized using 'CodeIgniter\Session\Handlers\FileHandler' driver.
INFO - 2025-06-06 17:10:43 --> Cart Class Initialized
INFO - 2025-06-06 17:10:43 --> Session: Class initialized using 'CodeIgniter\Session\Handlers\FileHandler' driver.
INFO - 2025-06-06 17:10:43 --> Cart Class Initialized
INFO - 2025-06-06 17:10:45 --> Session: Class initialized using 'CodeIgniter\Session\Handlers\FileHandler' driver.
INFO - 2025-06-06 17:10:45 --> Cart Class Initialized
INFO - 2025-06-06 17:10:55 --> Session: Class initialized using 'CodeIgniter\Session\Handlers\FileHandler' driver.
INFO - 2025-06-06 17:10:55 --> Cart Class Initialized
INFO - 2025-06-06 17:11:04 --> Session: Class initialized using 'CodeIgniter\Session\Handlers\FileHandler' driver.
INFO - 2025-06-06 17:11:04 --> Cart Class Initialized
INFO - 2025-06-06 17:11:09 --> Session: Class initialized using 'CodeIgniter\Session\Handlers\FileHandler' driver.
INFO - 2025-06-06 17:11:09 --> Cart Class Initialized
INFO - 2025-06-06 17:11:39 --> Session: Class initialized using 'CodeIgniter\Session\Handlers\FileHandler' driver.
INFO - 2025-06-06 17:11:39 --> Cart Class Initialized
INFO - 2025-06-06 17:12:25 --> Session: Class initialized using 'CodeIgniter\Session\Handlers\FileHandler' driver.
INFO - 2025-06-06 17:12:25 --> Cart Class Initialized
INFO - 2025-06-06 17:12:25 --> Session: Class initialized using 'CodeIgniter\Session\Handlers\FileHandler' driver.
INFO - 2025-06-06 17:12:25 --> Cart Class Initialized
INFO - 2025-06-06 17:12:26 --> Session: Class initialized using 'CodeIgniter\Session\Handlers\FileHandler' driver.
INFO - 2025-06-06 17:12:26 --> Cart Class Initialized
INFO - 2025-06-06 17:12:26 --> Session: Class initialized using 'CodeIgniter\Session\Handlers\FileHandler' driver.
INFO - 2025-06-06 17:12:26 --> Cart Class Initialized
INFO - 2025-06-06 17:12:27 --> Session: Class initialized using 'CodeIgniter\Session\Handlers\FileHandler' driver.
INFO - 2025-06-06 17:12:27 --> Cart Class Initialized
INFO - 2025-06-06 17:12:28 --> Session: Class initialized using 'CodeIgniter\Session\Handlers\FileHandler' driver.
INFO - 2025-06-06 17:12:28 --> Cart Class Initialized
INFO - 2025-06-06 17:16:33 --> Session: Class initialized using 'CodeIgniter\Session\Handlers\FileHandler' driver.
INFO - 2025-06-06 17:16:33 --> Cart Class Initialized
INFO - 2025-06-06 17:16:36 --> Session: Class initialized using 'CodeIgniter\Session\Handlers\FileHandler' driver.
INFO - 2025-06-06 17:16:36 --> Cart Class Initialized
CRITICAL - 2025-06-06 17:16:36 --> Invalid file: "mis_compras.php"
in SYSTEMPATH\Exceptions\FrameworkException.php on line 33.
 1 SYSTEMPATH\View\View.php(201): CodeIgniter\Exceptions\FrameworkException::forInvalidFile('mis_compras.php')
 2 SYSTEMPATH\Common.php(1184): CodeIgniter\View\View->render('mis_compras', [], true)
 3 APPPATH\Controllers\Carrito.php(173): view('mis_compras', [...])
 4 SYSTEMPATH\CodeIgniter.php(934): App\Controllers\Carrito->misCompras()
 5 SYSTEMPATH\CodeIgniter.php(499): CodeIgniter\CodeIgniter->runController(Object(App\Controllers\Carrito))
 6 SYSTEMPATH\CodeIgniter.php(368): CodeIgniter\CodeIgniter->handleRequest(null, Object(Config\Cache), false)
 7 FCPATH\index.php(67): CodeIgniter\CodeIgniter->run()
INFO - 2025-06-06 17:17:14 --> Session: Class initialized using 'CodeIgniter\Session\Handlers\FileHandler' driver.
INFO - 2025-06-06 17:17:14 --> Cart Class Initialized
INFO - 2025-06-06 17:17:18 --> Session: Class initialized using 'CodeIgniter\Session\Handlers\FileHandler' driver.
INFO - 2025-06-06 17:17:18 --> Cart Class Initialized
INFO - 2025-06-06 17:17:25 --> Session: Class initialized using 'CodeIgniter\Session\Handlers\FileHandler' driver.
INFO - 2025-06-06 17:17:25 --> Cart Class Initialized
INFO - 2025-06-06 17:20:01 --> Session: Class initialized using 'CodeIgniter\Session\Handlers\FileHandler' driver.
INFO - 2025-06-06 17:20:01 --> Cart Class Initialized
INFO - 2025-06-06 17:20:05 --> Session: Class initialized using 'CodeIgniter\Session\Handlers\FileHandler' driver.
INFO - 2025-06-06 17:20:05 --> Cart Class Initialized
INFO - 2025-06-06 17:21:17 --> Session: Class initialized using 'CodeIgniter\Session\Handlers\FileHandler' driver.
INFO - 2025-06-06 17:21:17 --> Cart Class Initialized
INFO - 2025-06-06 17:21:19 --> Session: Class initialized using 'CodeIgniter\Session\Handlers\FileHandler' driver.
INFO - 2025-06-06 17:21:19 --> Cart Class Initialized
INFO - 2025-06-06 17:21:24 --> Session: Class initialized using 'CodeIgniter\Session\Handlers\FileHandler' driver.
INFO - 2025-06-06 17:21:24 --> Cart Class Initialized
INFO - 2025-06-06 17:21:30 --> Session: Class initialized using 'CodeIgniter\Session\Handlers\FileHandler' driver.
INFO - 2025-06-06 17:21:30 --> Cart Class Initialized
INFO - 2025-06-06 17:21:32 --> Session: Class initialized using 'CodeIgniter\Session\Handlers\FileHandler' driver.
INFO - 2025-06-06 17:21:32 --> Cart Class Initialized
INFO - 2025-06-06 17:21:34 --> Session: Class initialized using 'CodeIgniter\Session\Handlers\FileHandler' driver.
INFO - 2025-06-06 17:21:34 --> Cart Class Initialized
INFO - 2025-06-06 17:21:34 --> Session: Class initialized using 'CodeIgniter\Session\Handlers\FileHandler' driver.
INFO - 2025-06-06 17:21:34 --> Cart Class Initialized
INFO - 2025-06-06 17:21:36 --> Session: Class initialized using 'CodeIgniter\Session\Handlers\FileHandler' driver.
INFO - 2025-06-06 17:21:36 --> Cart Class Initialized
INFO - 2025-06-06 17:21:49 --> Session: Class initialized using 'CodeIgniter\Session\Handlers\FileHandler' driver.
INFO - 2025-06-06 17:21:49 --> Cart Class Initialized
INFO - 2025-06-06 17:24:08 --> Session: Class initialized using 'CodeIgniter\Session\Handlers\FileHandler' driver.
INFO - 2025-06-06 17:24:08 --> Cart Class Initialized
INFO - 2025-06-06 17:24:10 --> Session: Class initialized using 'CodeIgniter\Session\Handlers\FileHandler' driver.
INFO - 2025-06-06 17:24:10 --> Cart Class Initialized
INFO - 2025-06-06 17:24:12 --> Session: Class initialized using 'CodeIgniter\Session\Handlers\FileHandler' driver.
INFO - 2025-06-06 17:24:12 --> Cart Class Initialized
INFO - 2025-06-06 17:24:22 --> Session: Class initialized using 'CodeIgniter\Session\Handlers\FileHandler' driver.
INFO - 2025-06-06 17:24:22 --> Cart Class Initialized
INFO - 2025-06-06 17:24:23 --> Session: Class initialized using 'CodeIgniter\Session\Handlers\FileHandler' driver.
INFO - 2025-06-06 17:24:23 --> Cart Class Initialized
INFO - 2025-06-06 17:24:29 --> Session: Class initialized using 'CodeIgniter\Session\Handlers\FileHandler' driver.
INFO - 2025-06-06 17:24:29 --> Cart Class Initialized
INFO - 2025-06-06 17:24:32 --> Session: Class initialized using 'CodeIgniter\Session\Handlers\FileHandler' driver.
INFO - 2025-06-06 17:24:32 --> Cart Class Initialized
INFO - 2025-06-06 17:24:34 --> Session: Class initialized using 'CodeIgniter\Session\Handlers\FileHandler' driver.
INFO - 2025-06-06 17:24:34 --> Cart Class Initialized
INFO - 2025-06-06 17:24:36 --> Session: Class initialized using 'CodeIgniter\Session\Handlers\FileHandler' driver.
INFO - 2025-06-06 17:24:36 --> Cart Class Initialized
INFO - 2025-06-06 17:24:38 --> Session: Class initialized using 'CodeIgniter\Session\Handlers\FileHandler' driver.
INFO - 2025-06-06 17:24:38 --> Cart Class Initialized
INFO - 2025-06-06 17:24:38 --> Session: Class initialized using 'CodeIgniter\Session\Handlers\FileHandler' driver.
INFO - 2025-06-06 17:24:38 --> Cart Class Initialized
INFO - 2025-06-06 17:24:42 --> Session: Class initialized using 'CodeIgniter\Session\Handlers\FileHandler' driver.
INFO - 2025-06-06 17:24:42 --> Cart Class Initialized
INFO - 2025-06-06 17:24:45 --> Session: Class initialized using 'CodeIgniter\Session\Handlers\FileHandler' driver.
INFO - 2025-06-06 17:24:45 --> Cart Class Initialized
INFO - 2025-06-06 17:24:45 --> Session: Class initialized using 'CodeIgniter\Session\Handlers\FileHandler' driver.
INFO - 2025-06-06 17:24:45 --> Cart Class Initialized
INFO - 2025-06-06 17:24:48 --> Session: Class initialized using 'CodeIgniter\Session\Handlers\FileHandler' driver.
INFO - 2025-06-06 17:24:48 --> Cart Class Initialized
INFO - 2025-06-06 17:24:52 --> Session: Class initialized using 'CodeIgniter\Session\Handlers\FileHandler' driver.
INFO - 2025-06-06 17:24:52 --> Cart Class Initialized
INFO - 2025-06-06 17:24:54 --> Session: Class initialized using 'CodeIgniter\Session\Handlers\FileHandler' driver.
INFO - 2025-06-06 17:24:54 --> Cart Class Initialized
INFO - 2025-06-06 17:25:06 --> Session: Class initialized using 'CodeIgniter\Session\Handlers\FileHandler' driver.
INFO - 2025-06-06 17:25:06 --> Cart Class Initialized
INFO - 2025-06-06 17:25:11 --> Session: Class initialized using 'CodeIgniter\Session\Handlers\FileHandler' driver.
INFO - 2025-06-06 17:25:11 --> Cart Class Initialized
INFO - 2025-06-06 17:25:25 --> Session: Class initialized using 'CodeIgniter\Session\Handlers\FileHandler' driver.
INFO - 2025-06-06 17:25:26 --> Session: Class initialized using 'CodeIgniter\Session\Handlers\FileHandler' driver.
INFO - 2025-06-06 18:17:12 --> Session: Class initialized using 'CodeIgniter\Session\Handlers\FileHandler' driver.
INFO - 2025-06-06 18:17:12 --> Cart Class Initialized
INFO - 2025-06-06 18:17:15 --> Session: Class initialized using 'CodeIgniter\Session\Handlers\FileHandler' driver.
INFO - 2025-06-06 18:17:15 --> Cart Class Initialized
INFO - 2025-06-06 18:18:40 --> Session: Class initialized using 'CodeIgniter\Session\Handlers\FileHandler' driver.
INFO - 2025-06-06 18:18:40 --> Cart Class Initialized
CRITICAL - 2025-06-06 18:18:40 --> Undefined array key "imagen"
in APPPATH\Views\detalle_compra.php on line 22.
 1 APPPATH\Views\detalle_compra.php(22): CodeIgniter\Debug\Exceptions->errorHandler(2, 'Undefined array key "imagen"', 'APPPATH\\Views\\detalle_compra.php', 22)
 2 SYSTEMPATH\View\View.php(213): include('APPPATH\\Views\\detalle_compra.php')
 3 SYSTEMPATH\View\View.php(216): CodeIgniter\View\View->CodeIgniter\View\{closure}()
 4 SYSTEMPATH\Common.php(1184): CodeIgniter\View\View->render('detalle_compra', [], true)
 5 APPPATH\Controllers\Carrito.php(157): view('detalle_compra', [...])
 6 SYSTEMPATH\CodeIgniter.php(934): App\Controllers\Carrito->detalleCompra('8')
 7 SYSTEMPATH\CodeIgniter.php(499): CodeIgniter\CodeIgniter->runController(Object(App\Controllers\Carrito))
 8 SYSTEMPATH\CodeIgniter.php(368): CodeIgniter\CodeIgniter->handleRequest(null, Object(Config\Cache), false)
 9 FCPATH\index.php(67): CodeIgniter\CodeIgniter->run()
INFO - 2025-06-06 18:18:43 --> Session: Class initialized using 'CodeIgniter\Session\Handlers\FileHandler' driver.
INFO - 2025-06-06 18:18:43 --> Cart Class Initialized
INFO - 2025-06-06 18:20:41 --> Session: Class initialized using 'CodeIgniter\Session\Handlers\FileHandler' driver.
INFO - 2025-06-06 18:20:41 --> Cart Class Initialized
CRITICAL - 2025-06-06 18:20:41 --> Undefined variable $producto
in APPPATH\Views\detalle_compra.php on line 22.
 1 APPPATH\Views\detalle_compra.php(22): CodeIgniter\Debug\Exceptions->errorHandler(2, 'Undefined variable $producto', 'APPPATH\\Views\\detalle_compra.php', 22)
 2 SYSTEMPATH\View\View.php(213): include('APPPATH\\Views\\detalle_compra.php')
 3 SYSTEMPATH\View\View.php(216): CodeIgniter\View\View->CodeIgniter\View\{closure}()
 4 SYSTEMPATH\Common.php(1184): CodeIgniter\View\View->render('detalle_compra', [], true)
 5 APPPATH\Controllers\Carrito.php(157): view('detalle_compra', [...])
 6 SYSTEMPATH\CodeIgniter.php(934): App\Controllers\Carrito->detalleCompra('8')
 7 SYSTEMPATH\CodeIgniter.php(499): CodeIgniter\CodeIgniter->runController(Object(App\Controllers\Carrito))
 8 SYSTEMPATH\CodeIgniter.php(368): CodeIgniter\CodeIgniter->handleRequest(null, Object(Config\Cache), false)
 9 FCPATH\index.php(67): CodeIgniter\CodeIgniter->run()
INFO - 2025-06-06 18:21:08 --> Session: Class initialized using 'CodeIgniter\Session\Handlers\FileHandler' driver.
INFO - 2025-06-06 18:21:08 --> Cart Class Initialized
INFO - 2025-06-06 18:21:41 --> Session: Class initialized using 'CodeIgniter\Session\Handlers\FileHandler' driver.
INFO - 2025-06-06 18:21:41 --> Cart Class Initialized
INFO - 2025-06-06 18:22:21 --> Session: Class initialized using 'CodeIgniter\Session\Handlers\FileHandler' driver.
INFO - 2025-06-06 18:22:21 --> Cart Class Initialized
INFO - 2025-06-06 18:22:41 --> Session: Class initialized using 'CodeIgniter\Session\Handlers\FileHandler' driver.
INFO - 2025-06-06 18:22:41 --> Cart Class Initialized
INFO - 2025-06-06 18:22:54 --> Session: Class initialized using 'CodeIgniter\Session\Handlers\FileHandler' driver.
INFO - 2025-06-06 18:22:54 --> Cart Class Initialized
INFO - 2025-06-06 18:25:08 --> Session: Class initialized using 'CodeIgniter\Session\Handlers\FileHandler' driver.
INFO - 2025-06-06 18:25:08 --> Cart Class Initialized
INFO - 2025-06-06 18:25:22 --> Session: Class initialized using 'CodeIgniter\Session\Handlers\FileHandler' driver.
INFO - 2025-06-06 18:25:22 --> Cart Class Initialized
INFO - 2025-06-06 18:25:22 --> Session: Class initialized using 'CodeIgniter\Session\Handlers\FileHandler' driver.
INFO - 2025-06-06 18:25:22 --> Cart Class Initialized
INFO - 2025-06-06 18:26:10 --> Session: Class initialized using 'CodeIgniter\Session\Handlers\FileHandler' driver.
INFO - 2025-06-06 18:26:10 --> Cart Class Initialized
INFO - 2025-06-06 18:26:24 --> Session: Class initialized using 'CodeIgniter\Session\Handlers\FileHandler' driver.
INFO - 2025-06-06 18:26:24 --> Cart Class Initialized
INFO - 2025-06-06 18:26:38 --> Session: Class initialized using 'CodeIgniter\Session\Handlers\FileHandler' driver.
INFO - 2025-06-06 18:26:38 --> Cart Class Initialized
INFO - 2025-06-06 18:27:14 --> Session: Class initialized using 'CodeIgniter\Session\Handlers\FileHandler' driver.
INFO - 2025-06-06 18:27:14 --> Cart Class Initialized
INFO - 2025-06-06 18:27:30 --> Session: Class initialized using 'CodeIgniter\Session\Handlers\FileHandler' driver.
INFO - 2025-06-06 18:27:30 --> Cart Class Initialized
INFO - 2025-06-06 18:27:40 --> Session: Class initialized using 'CodeIgniter\Session\Handlers\FileHandler' driver.
INFO - 2025-06-06 18:27:40 --> Cart Class Initialized
INFO - 2025-06-06 18:27:52 --> Session: Class initialized using 'CodeIgniter\Session\Handlers\FileHandler' driver.
INFO - 2025-06-06 18:27:52 --> Cart Class Initialized
INFO - 2025-06-06 18:29:06 --> Session: Class initialized using 'CodeIgniter\Session\Handlers\FileHandler' driver.
INFO - 2025-06-06 18:29:06 --> Cart Class Initialized
INFO - 2025-06-06 18:29:09 --> Session: Class initialized using 'CodeIgniter\Session\Handlers\FileHandler' driver.
INFO - 2025-06-06 18:29:09 --> Cart Class Initialized
INFO - 2025-06-06 18:29:14 --> Session: Class initialized using 'CodeIgniter\Session\Handlers\FileHandler' driver.
INFO - 2025-06-06 18:29:14 --> Cart Class Initialized
INFO - 2025-06-06 18:29:15 --> Session: Class initialized using 'CodeIgniter\Session\Handlers\FileHandler' driver.
INFO - 2025-06-06 18:29:15 --> Cart Class Initialized
INFO - 2025-06-06 18:29:17 --> Session: Class initialized using 'CodeIgniter\Session\Handlers\FileHandler' driver.
INFO - 2025-06-06 18:29:17 --> Cart Class Initialized
INFO - 2025-06-06 18:29:59 --> Session: Class initialized using 'CodeIgniter\Session\Handlers\FileHandler' driver.
INFO - 2025-06-06 18:29:59 --> Cart Class Initialized
INFO - 2025-06-06 18:30:04 --> Session: Class initialized using 'CodeIgniter\Session\Handlers\FileHandler' driver.
INFO - 2025-06-06 18:30:04 --> Cart Class Initialized
INFO - 2025-06-06 18:30:06 --> Session: Class initialized using 'CodeIgniter\Session\Handlers\FileHandler' driver.
INFO - 2025-06-06 18:30:06 --> Cart Class Initialized
INFO - 2025-06-06 18:30:07 --> Session: Class initialized using 'CodeIgniter\Session\Handlers\FileHandler' driver.
INFO - 2025-06-06 18:30:07 --> Cart Class Initialized
INFO - 2025-06-06 18:30:23 --> Session: Class initialized using 'CodeIgniter\Session\Handlers\FileHandler' driver.
INFO - 2025-06-06 18:30:25 --> Session: Class initialized using 'CodeIgniter\Session\Handlers\FileHandler' driver.
INFO - 2025-06-06 18:30:27 --> Session: Class initialized using 'CodeIgniter\Session\Handlers\FileHandler' driver.
INFO - 2025-06-06 18:30:27 --> Cart Class Initialized
INFO - 2025-06-06 18:32:00 --> Session: Class initialized using 'CodeIgniter\Session\Handlers\FileHandler' driver.
INFO - 2025-06-06 18:32:00 --> Cart Class Initialized
INFO - 2025-06-06 18:32:01 --> Session: Class initialized using 'CodeIgniter\Session\Handlers\FileHandler' driver.
INFO - 2025-06-06 18:32:01 --> Cart Class Initialized
INFO - 2025-06-06 18:32:13 --> Session: Class initialized using 'CodeIgniter\Session\Handlers\FileHandler' driver.
INFO - 2025-06-06 18:32:13 --> Cart Class Initialized
INFO - 2025-06-06 18:32:15 --> Session: Class initialized using 'CodeIgniter\Session\Handlers\FileHandler' driver.
INFO - 2025-06-06 18:32:15 --> Cart Class Initialized
INFO - 2025-06-06 18:32:16 --> Session: Class initialized using 'CodeIgniter\Session\Handlers\FileHandler' driver.
INFO - 2025-06-06 18:32:16 --> Cart Class Initialized
INFO - 2025-06-06 18:34:02 --> Session: Class initialized using 'CodeIgniter\Session\Handlers\FileHandler' driver.
INFO - 2025-06-06 18:34:02 --> Cart Class Initialized
INFO - 2025-06-06 18:34:10 --> Session: Class initialized using 'CodeIgniter\Session\Handlers\FileHandler' driver.
INFO - 2025-06-06 18:34:10 --> Cart Class Initialized
INFO - 2025-06-06 18:37:04 --> Session: Class initialized using 'CodeIgniter\Session\Handlers\FileHandler' driver.
INFO - 2025-06-06 18:37:04 --> Cart Class Initialized
INFO - 2025-06-06 18:37:07 --> Session: Class initialized using 'CodeIgniter\Session\Handlers\FileHandler' driver.
INFO - 2025-06-06 18:37:07 --> Cart Class Initialized
INFO - 2025-06-06 18:37:07 --> Session: Class initialized using 'CodeIgniter\Session\Handlers\FileHandler' driver.
INFO - 2025-06-06 18:37:07 --> Cart Class Initialized
INFO - 2025-06-06 18:40:46 --> Session: Class initialized using 'CodeIgniter\Session\Handlers\FileHandler' driver.
INFO - 2025-06-06 18:40:46 --> Cart Class Initialized
INFO - 2025-06-06 18:41:21 --> Session: Class initialized using 'CodeIgniter\Session\Handlers\FileHandler' driver.
INFO - 2025-06-06 18:41:21 --> Cart Class Initialized
INFO - 2025-06-06 18:41:24 --> Session: Class initialized using 'CodeIgniter\Session\Handlers\FileHandler' driver.
INFO - 2025-06-06 18:41:24 --> Cart Class Initialized
INFO - 2025-06-06 18:45:24 --> Session: Class initialized using 'CodeIgniter\Session\Handlers\FileHandler' driver.
INFO - 2025-06-06 18:45:42 --> Session: Class initialized using 'CodeIgniter\Session\Handlers\FileHandler' driver.
INFO - 2025-06-06 18:45:42 --> Cart Class Initialized
INFO - 2025-06-06 18:47:05 --> Session: Class initialized using 'CodeIgniter\Session\Handlers\FileHandler' driver.
INFO - 2025-06-06 18:47:05 --> Cart Class Initialized
INFO - 2025-06-06 18:47:06 --> Session: Class initialized using 'CodeIgniter\Session\Handlers\FileHandler' driver.
INFO - 2025-06-06 18:47:06 --> Cart Class Initialized
INFO - 2025-06-06 18:47:19 --> Session: Class initialized using 'CodeIgniter\Session\Handlers\FileHandler' driver.
INFO - 2025-06-06 18:47:19 --> Cart Class Initialized
INFO - 2025-06-06 18:47:28 --> Session: Class initialized using 'CodeIgniter\Session\Handlers\FileHandler' driver.
INFO - 2025-06-06 18:47:28 --> Cart Class Initialized
INFO - 2025-06-06 18:47:36 --> Session: Class initialized using 'CodeIgniter\Session\Handlers\FileHandler' driver.
INFO - 2025-06-06 18:47:36 --> Cart Class Initialized
INFO - 2025-06-06 19:09:21 --> Session: Class initialized using 'CodeIgniter\Session\Handlers\FileHandler' driver.
INFO - 2025-06-06 19:09:21 --> Cart Class Initialized
INFO - 2025-06-06 19:09:23 --> Session: Class initialized using 'CodeIgniter\Session\Handlers\FileHandler' driver.
INFO - 2025-06-06 19:09:23 --> Cart Class Initialized
INFO - 2025-06-06 19:09:23 --> Session: Class initialized using 'CodeIgniter\Session\Handlers\FileHandler' driver.
INFO - 2025-06-06 19:09:23 --> Cart Class Initialized
INFO - 2025-06-06 19:09:27 --> Session: Class initialized using 'CodeIgniter\Session\Handlers\FileHandler' driver.
INFO - 2025-06-06 19:09:27 --> Cart Class Initialized
INFO - 2025-06-06 19:09:30 --> Session: Class initialized using 'CodeIgniter\Session\Handlers\FileHandler' driver.
INFO - 2025-06-06 19:09:30 --> Cart Class Initialized
INFO - 2025-06-06 19:09:31 --> Session: Class initialized using 'CodeIgniter\Session\Handlers\FileHandler' driver.
INFO - 2025-06-06 19:09:31 --> Cart Class Initialized
INFO - 2025-06-06 19:14:35 --> Session: Class initialized using 'CodeIgniter\Session\Handlers\FileHandler' driver.
INFO - 2025-06-06 19:14:35 --> Cart Class Initialized
INFO - 2025-06-06 19:14:35 --> Session: Class initialized using 'CodeIgniter\Session\Handlers\FileHandler' driver.
INFO - 2025-06-06 19:14:35 --> Cart Class Initialized
INFO - 2025-06-06 19:14:41 --> Session: Class initialized using 'CodeIgniter\Session\Handlers\FileHandler' driver.
INFO - 2025-06-06 19:14:41 --> Cart Class Initialized
INFO - 2025-06-06 19:14:44 --> Session: Class initialized using 'CodeIgniter\Session\Handlers\FileHandler' driver.
INFO - 2025-06-06 19:14:44 --> Cart Class Initialized
INFO - 2025-06-06 19:14:44 --> Session: Class initialized using 'CodeIgniter\Session\Handlers\FileHandler' driver.
INFO - 2025-06-06 19:14:44 --> Cart Class Initialized
INFO - 2025-06-06 19:14:54 --> Session: Class initialized using 'CodeIgniter\Session\Handlers\FileHandler' driver.
INFO - 2025-06-06 19:14:54 --> Cart Class Initialized
INFO - 2025-06-06 19:14:54 --> Session: Class initialized using 'CodeIgniter\Session\Handlers\FileHandler' driver.
INFO - 2025-06-06 19:14:54 --> Cart Class Initialized
INFO - 2025-06-06 19:14:57 --> Session: Class initialized using 'CodeIgniter\Session\Handlers\FileHandler' driver.
INFO - 2025-06-06 19:14:57 --> Cart Class Initialized
INFO - 2025-06-06 19:16:06 --> Session: Class initialized using 'CodeIgniter\Session\Handlers\FileHandler' driver.
INFO - 2025-06-06 19:16:06 --> Cart Class Initialized
INFO - 2025-06-06 19:16:09 --> Session: Class initialized using 'CodeIgniter\Session\Handlers\FileHandler' driver.
INFO - 2025-06-06 19:16:09 --> Cart Class Initialized
INFO - 2025-06-06 19:16:09 --> Session: Class initialized using 'CodeIgniter\Session\Handlers\FileHandler' driver.
INFO - 2025-06-06 19:16:09 --> Cart Class Initialized
INFO - 2025-06-06 19:19:13 --> Session: Class initialized using 'CodeIgniter\Session\Handlers\FileHandler' driver.
INFO - 2025-06-06 19:19:13 --> Cart Class Initialized
CRITICAL - 2025-06-06 19:19:13 --> Undefined array key "precio_vta"
in APPPATH\Views\carrito.php on line 26.
 1 APPPATH\Views\carrito.php(26): CodeIgniter\Debug\Exceptions->errorHandler(2, 'Undefined array key "precio_vta"', 'APPPATH\\Views\\carrito.php', 26)
 2 SYSTEMPATH\View\View.php(213): include('APPPATH\\Views\\carrito.php')
 3 SYSTEMPATH\View\View.php(216): CodeIgniter\View\View->CodeIgniter\View\{closure}()
 4 SYSTEMPATH\Common.php(1184): CodeIgniter\View\View->render('carrito', [], true)
 5 APPPATH\Controllers\Carrito.php(23): view('carrito', [...])
 6 SYSTEMPATH\CodeIgniter.php(934): App\Controllers\Carrito->ver()
 7 SYSTEMPATH\CodeIgniter.php(499): CodeIgniter\CodeIgniter->runController(Object(App\Controllers\Carrito))
 8 SYSTEMPATH\CodeIgniter.php(368): CodeIgniter\CodeIgniter->handleRequest(null, Object(Config\Cache), false)
 9 FCPATH\index.php(67): CodeIgniter\CodeIgniter->run()
INFO - 2025-06-06 19:19:16 --> Session: Class initialized using 'CodeIgniter\Session\Handlers\FileHandler' driver.
INFO - 2025-06-06 19:19:16 --> Cart Class Initialized
INFO - 2025-06-06 19:19:46 --> Session: Class initialized using 'CodeIgniter\Session\Handlers\FileHandler' driver.
INFO - 2025-06-06 19:19:46 --> Cart Class Initialized
INFO - 2025-06-06 19:21:24 --> Session: Class initialized using 'CodeIgniter\Session\Handlers\FileHandler' driver.
INFO - 2025-06-06 19:21:24 --> Cart Class Initialized
INFO - 2025-06-06 19:21:39 --> Session: Class initialized using 'CodeIgniter\Session\Handlers\FileHandler' driver.
INFO - 2025-06-06 19:21:39 --> Cart Class Initialized
INFO - 2025-06-06 19:29:03 --> Session: Class initialized using 'CodeIgniter\Session\Handlers\FileHandler' driver.
INFO - 2025-06-06 19:29:03 --> Cart Class Initialized
INFO - 2025-06-06 19:29:32 --> Session: Class initialized using 'CodeIgniter\Session\Handlers\FileHandler' driver.
INFO - 2025-06-06 19:29:32 --> Cart Class Initialized
INFO - 2025-06-06 19:29:54 --> Session: Class initialized using 'CodeIgniter\Session\Handlers\FileHandler' driver.
INFO - 2025-06-06 19:29:54 --> Cart Class Initialized
INFO - 2025-06-06 19:29:54 --> Session: Class initialized using 'CodeIgniter\Session\Handlers\FileHandler' driver.
INFO - 2025-06-06 19:29:54 --> Cart Class Initialized
INFO - 2025-06-06 19:29:58 --> Session: Class initialized using 'CodeIgniter\Session\Handlers\FileHandler' driver.
INFO - 2025-06-06 19:29:58 --> Cart Class Initialized
INFO - 2025-06-06 19:29:58 --> Session: Class initialized using 'CodeIgniter\Session\Handlers\FileHandler' driver.
INFO - 2025-06-06 19:29:58 --> Cart Class Initialized
INFO - 2025-06-06 19:30:16 --> Session: Class initialized using 'CodeIgniter\Session\Handlers\FileHandler' driver.
INFO - 2025-06-06 19:30:16 --> Cart Class Initialized
INFO - 2025-06-06 19:30:30 --> Session: Class initialized using 'CodeIgniter\Session\Handlers\FileHandler' driver.
INFO - 2025-06-06 19:30:30 --> Cart Class Initialized
INFO - 2025-06-06 19:30:53 --> Session: Class initialized using 'CodeIgniter\Session\Handlers\FileHandler' driver.
INFO - 2025-06-06 19:31:07 --> Session: Class initialized using 'CodeIgniter\Session\Handlers\FileHandler' driver.
INFO - 2025-06-06 19:31:07 --> Cart Class Initialized
INFO - 2025-06-06 19:31:16 --> Session: Class initialized using 'CodeIgniter\Session\Handlers\FileHandler' driver.
INFO - 2025-06-06 19:31:16 --> Cart Class Initialized
INFO - 2025-06-06 19:31:16 --> Session: Class initialized using 'CodeIgniter\Session\Handlers\FileHandler' driver.
INFO - 2025-06-06 19:31:16 --> Cart Class Initialized
INFO - 2025-06-06 19:31:21 --> Session: Class initialized using 'CodeIgniter\Session\Handlers\FileHandler' driver.
INFO - 2025-06-06 19:31:21 --> Cart Class Initialized
INFO - 2025-06-06 19:40:55 --> Session: Class initialized using 'CodeIgniter\Session\Handlers\FileHandler' driver.
INFO - 2025-06-06 19:40:55 --> Cart Class Initialized
INFO - 2025-06-06 19:40:56 --> Session: Class initialized using 'CodeIgniter\Session\Handlers\FileHandler' driver.
INFO - 2025-06-06 19:40:56 --> Cart Class Initialized
INFO - 2025-06-06 19:40:59 --> Session: Class initialized using 'CodeIgniter\Session\Handlers\FileHandler' driver.
INFO - 2025-06-06 19:40:59 --> Cart Class Initialized
INFO - 2025-06-06 19:41:00 --> Session: Class initialized using 'CodeIgniter\Session\Handlers\FileHandler' driver.
INFO - 2025-06-06 19:41:00 --> Cart Class Initialized
INFO - 2025-06-06 19:41:02 --> Session: Class initialized using 'CodeIgniter\Session\Handlers\FileHandler' driver.
INFO - 2025-06-06 19:41:02 --> Cart Class Initialized
INFO - 2025-06-06 19:41:02 --> Session: Class initialized using 'CodeIgniter\Session\Handlers\FileHandler' driver.
INFO - 2025-06-06 19:41:02 --> Cart Class Initialized
INFO - 2025-06-06 19:41:05 --> Session: Class initialized using 'CodeIgniter\Session\Handlers\FileHandler' driver.
INFO - 2025-06-06 19:41:05 --> Cart Class Initialized
INFO - 2025-06-06 19:41:05 --> Session: Class initialized using 'CodeIgniter\Session\Handlers\FileHandler' driver.
INFO - 2025-06-06 19:41:05 --> Cart Class Initialized
INFO - 2025-06-06 19:41:11 --> Session: Class initialized using 'CodeIgniter\Session\Handlers\FileHandler' driver.
INFO - 2025-06-06 19:41:11 --> Cart Class Initialized
INFO - 2025-06-06 19:41:20 --> Session: Class initialized using 'CodeIgniter\Session\Handlers\FileHandler' driver.
INFO - 2025-06-06 19:41:20 --> Cart Class Initialized
INFO - 2025-06-06 19:41:23 --> Session: Class initialized using 'CodeIgniter\Session\Handlers\FileHandler' driver.
INFO - 2025-06-06 19:41:23 --> Cart Class Initialized
INFO - 2025-06-06 19:41:25 --> Session: Class initialized using 'CodeIgniter\Session\Handlers\FileHandler' driver.
INFO - 2025-06-06 19:41:25 --> Cart Class Initialized
INFO - 2025-06-06 19:41:29 --> Session: Class initialized using 'CodeIgniter\Session\Handlers\FileHandler' driver.
INFO - 2025-06-06 19:41:29 --> Cart Class Initialized
INFO - 2025-06-06 19:42:02 --> Session: Class initialized using 'CodeIgniter\Session\Handlers\FileHandler' driver.
INFO - 2025-06-06 19:42:02 --> Cart Class Initialized
INFO - 2025-06-06 19:42:22 --> Session: Class initialized using 'CodeIgniter\Session\Handlers\FileHandler' driver.
INFO - 2025-06-06 19:42:22 --> Cart Class Initialized
INFO - 2025-06-06 19:42:37 --> Session: Class initialized using 'CodeIgniter\Session\Handlers\FileHandler' driver.
INFO - 2025-06-06 19:42:37 --> Cart Class Initialized
INFO - 2025-06-06 19:43:04 --> Session: Class initialized using 'CodeIgniter\Session\Handlers\FileHandler' driver.
INFO - 2025-06-06 19:43:04 --> Cart Class Initialized
INFO - 2025-06-06 19:54:40 --> Session: Class initialized using 'CodeIgniter\Session\Handlers\FileHandler' driver.
INFO - 2025-06-06 19:54:40 --> Cart Class Initialized
INFO - 2025-06-06 19:54:49 --> Session: Class initialized using 'CodeIgniter\Session\Handlers\FileHandler' driver.
INFO - 2025-06-06 19:54:49 --> Cart Class Initialized
INFO - 2025-06-06 19:54:53 --> Session: Class initialized using 'CodeIgniter\Session\Handlers\FileHandler' driver.
INFO - 2025-06-06 19:54:53 --> Session: Class initialized using 'CodeIgniter\Session\Handlers\FileHandler' driver.
INFO - 2025-06-06 19:54:56 --> Session: Class initialized using 'CodeIgniter\Session\Handlers\FileHandler' driver.
INFO - 2025-06-06 19:54:56 --> Cart Class Initialized
INFO - 2025-06-06 19:55:01 --> Session: Class initialized using 'CodeIgniter\Session\Handlers\FileHandler' driver.
INFO - 2025-06-06 19:55:08 --> Session: Class initialized using 'CodeIgniter\Session\Handlers\FileHandler' driver.
INFO - 2025-06-06 19:55:08 --> Session: Class initialized using 'CodeIgniter\Session\Handlers\FileHandler' driver.
INFO - 2025-06-06 19:55:12 --> Session: Class initialized using 'CodeIgniter\Session\Handlers\FileHandler' driver.
INFO - 2025-06-06 19:55:12 --> Cart Class Initialized
INFO - 2025-06-06 19:55:14 --> Session: Class initialized using 'CodeIgniter\Session\Handlers\FileHandler' driver.
INFO - 2025-06-06 19:55:14 --> Cart Class Initialized
INFO - 2025-06-06 19:55:14 --> Session: Class initialized using 'CodeIgniter\Session\Handlers\FileHandler' driver.
INFO - 2025-06-06 19:55:14 --> Cart Class Initialized
INFO - 2025-06-06 19:55:45 --> Session: Class initialized using 'CodeIgniter\Session\Handlers\FileHandler' driver.
INFO - 2025-06-06 19:55:45 --> Cart Class Initialized
INFO - 2025-06-06 19:55:58 --> Session: Class initialized using 'CodeIgniter\Session\Handlers\FileHandler' driver.
INFO - 2025-06-06 19:55:58 --> Cart Class Initialized
INFO - 2025-06-06 19:57:52 --> Session: Class initialized using 'CodeIgniter\Session\Handlers\FileHandler' driver.
INFO - 2025-06-06 19:57:52 --> Cart Class Initialized
INFO - 2025-06-06 20:00:46 --> Session: Class initialized using 'CodeIgniter\Session\Handlers\FileHandler' driver.
INFO - 2025-06-06 21:34:43 --> Session: Class initialized using 'CodeIgniter\Session\Handlers\FileHandler' driver.
INFO - 2025-06-06 21:34:46 --> Session: Class initialized using 'CodeIgniter\Session\Handlers\FileHandler' driver.
INFO - 2025-06-06 21:34:46 --> Cart Class Initialized
INFO - 2025-06-06 21:34:53 --> Session: Class initialized using 'CodeIgniter\Session\Handlers\FileHandler' driver.
INFO - 2025-06-06 21:34:53 --> Cart Class Initialized
INFO - 2025-06-06 21:34:58 --> Session: Class initialized using 'CodeIgniter\Session\Handlers\FileHandler' driver.
INFO - 2025-06-06 21:34:58 --> Cart Class Initialized
INFO - 2025-06-06 21:34:58 --> Session: Class initialized using 'CodeIgniter\Session\Handlers\FileHandler' driver.
INFO - 2025-06-06 21:34:58 --> Cart Class Initialized
INFO - 2025-06-06 21:34:59 --> Session: Class initialized using 'CodeIgniter\Session\Handlers\FileHandler' driver.
INFO - 2025-06-06 21:34:59 --> Cart Class Initialized
INFO - 2025-06-06 21:35:03 --> Session: Class initialized using 'CodeIgniter\Session\Handlers\FileHandler' driver.
INFO - 2025-06-06 21:35:03 --> Cart Class Initialized
